<?xml version="1.0" encoding="UTF-8"?>
<trace:TraceModel xmi:version="2.0"
    xmlns:xmi="http://www.omg.org/XMI"
    xmlns:trace="http://www.eclipse.org/gmf/2006/Trace">
  <nodeTraces
      visualID="2013"
      queryText="(let _eClass_:ecore::EClass = modelFacet.metaClass.ecoreClass in _eClass_.ePackage.nsURI = 'http://jensgulden.de/modeling/wave' and _eClass_.name = 'Documentation') and (let _containmentMF_:ecore::EStructuralFeature = modelFacet.containmentMetaFeature.ecoreFeature in (let _eClass_:ecore::EClass = _containmentMF_.eContainingClass in _eClass_.ePackage.nsURI = 'http://jensgulden.de/modeling/wave' and _eClass_.name = 'Model') and _containmentMF_.name = 'documentation')">
    <nodeLabelTraces
        visualID="5013"
        queryText="true"/>
  </nodeTraces>
  <nodeTraces
      visualID="2017"
      queryText="(let _eClass_:ecore::EClass = modelFacet.metaClass.ecoreClass in _eClass_.ePackage.nsURI = 'http://jensgulden.de/modeling/wave' and _eClass_.name = 'Class') and (let _containmentMF_:ecore::EStructuralFeature = modelFacet.containmentMetaFeature.ecoreFeature in (let _eClass_:ecore::EClass = _containmentMF_.eContainingClass in _eClass_.ePackage.nsURI = 'http://jensgulden.de/modeling/wave' and _eClass_.name = 'Package') and _containmentMF_.name = 'members')">
    <nodeLabelTraces
        visualID="5019"
        queryText="true"/>
    <compartmentTraces
        visualID="7004"
        queryText="true"/>
    <compartmentTraces
        visualID="7005"
        queryText="true"/>
  </nodeTraces>
  <nodeTraces
      visualID="2018"
      queryText="(let _eClass_:ecore::EClass = modelFacet.metaClass.ecoreClass in _eClass_.ePackage.nsURI = 'http://jensgulden.de/modeling/wave' and _eClass_.name = 'Interface') and (let _containmentMF_:ecore::EStructuralFeature = modelFacet.containmentMetaFeature.ecoreFeature in (let _eClass_:ecore::EClass = _containmentMF_.eContainingClass in _eClass_.ePackage.nsURI = 'http://jensgulden.de/modeling/wave' and _eClass_.name = 'Package') and _containmentMF_.name = 'members')">
    <nodeLabelTraces
        visualID="5020"
        queryText="true"/>
    <compartmentTraces
        visualID="7006"
        queryText="true"/>
  </nodeTraces>
  <nodeTraces
      visualID="2020"
      queryText="(let _eClass_:ecore::EClass = modelFacet.metaClass.ecoreClass in _eClass_.ePackage.nsURI = 'http://jensgulden.de/modeling/wave' and _eClass_.name = 'Include') and (let _containmentMF_:ecore::EStructuralFeature = modelFacet.containmentMetaFeature.ecoreFeature in (let _eClass_:ecore::EClass = _containmentMF_.eContainingClass in _eClass_.ePackage.nsURI = 'http://jensgulden.de/modeling/wave' and _eClass_.name = 'Package') and _containmentMF_.name = 'members')">
    <nodeLabelTraces
        visualID="5022"
        queryText="true"/>
  </nodeTraces>
  <nodeTraces
      visualID="2021"
      queryText="(let _eClass_:ecore::EClass = modelFacet.metaClass.ecoreClass in _eClass_.ePackage.nsURI = 'http://jensgulden.de/modeling/wave' and _eClass_.name = 'Package') and (let _containmentMF_:ecore::EStructuralFeature = modelFacet.containmentMetaFeature.ecoreFeature in (let _eClass_:ecore::EClass = _containmentMF_.eContainingClass in _eClass_.ePackage.nsURI = 'http://jensgulden.de/modeling/wave' and _eClass_.name = 'Package') and _containmentMF_.name = 'members')">
    <nodeLabelTraces
        visualID="5023"
        queryText="true"/>
    <compartmentTraces
        visualID="7014"
        queryText="true"/>
  </nodeTraces>
  <nodeTraces
      visualID="2022"
      queryText="(let _eClass_:ecore::EClass = modelFacet.metaClass.ecoreClass in _eClass_.ePackage.nsURI = 'http://jensgulden.de/modeling/wave' and _eClass_.name = 'StyleSheet') and (let _containmentMF_:ecore::EStructuralFeature = modelFacet.containmentMetaFeature.ecoreFeature in (let _eClass_:ecore::EClass = _containmentMF_.eContainingClass in _eClass_.ePackage.nsURI = 'http://jensgulden.de/modeling/wave' and _eClass_.name = 'Package') and _containmentMF_.name = 'members')">
    <nodeLabelTraces
        visualID="5024"
        queryText="true"/>
  </nodeTraces>
  <nodeTraces
      visualID="2023"
      queryText="(let _eClass_:ecore::EClass = modelFacet.metaClass.ecoreClass in _eClass_.ePackage.nsURI = 'http://jensgulden.de/modeling/wave' and _eClass_.name = 'UsecaseSubsystem') and (let _containmentMF_:ecore::EStructuralFeature = modelFacet.containmentMetaFeature.ecoreFeature in (let _eClass_:ecore::EClass = _containmentMF_.eContainingClass in _eClass_.ePackage.nsURI = 'http://jensgulden.de/modeling/wave' and _eClass_.name = 'Package') and _containmentMF_.name = 'members')">
    <nodeLabelTraces
        visualID="5025"
        queryText="true"/>
  </nodeTraces>
  <nodeTraces
      visualID="2024"
      queryText="(let _eClass_:ecore::EClass = modelFacet.metaClass.ecoreClass in _eClass_.ePackage.nsURI = 'http://jensgulden.de/modeling/wave' and _eClass_.name = 'Actor') and (let _containmentMF_:ecore::EStructuralFeature = modelFacet.containmentMetaFeature.ecoreFeature in (let _eClass_:ecore::EClass = _containmentMF_.eContainingClass in _eClass_.ePackage.nsURI = 'http://jensgulden.de/modeling/wave' and _eClass_.name = 'Package') and _containmentMF_.name = 'members')">
    <nodeLabelTraces
        visualID="5026"
        queryText="true"/>
  </nodeTraces>
  <nodeTraces
      visualID="2025"
      queryText="(let _eClass_:ecore::EClass = modelFacet.metaClass.ecoreClass in _eClass_.ePackage.nsURI = 'http://jensgulden.de/modeling/wave' and _eClass_.name = 'Usecase') and (let _containmentMF_:ecore::EStructuralFeature = modelFacet.containmentMetaFeature.ecoreFeature in (let _eClass_:ecore::EClass = _containmentMF_.eContainingClass in _eClass_.ePackage.nsURI = 'http://jensgulden.de/modeling/wave' and _eClass_.name = 'Package') and _containmentMF_.name = 'members')">
    <nodeLabelTraces
        visualID="5027"
        queryText="true"/>
  </nodeTraces>
  <nodeTraces
      visualID="2026"
      queryText="(let _eClass_:ecore::EClass = modelFacet.metaClass.ecoreClass in _eClass_.ePackage.nsURI = 'http://jensgulden.de/modeling/wave' and _eClass_.name = 'Controller') and (let _containmentMF_:ecore::EStructuralFeature = modelFacet.containmentMetaFeature.ecoreFeature in (let _eClass_:ecore::EClass = _containmentMF_.eContainingClass in _eClass_.ePackage.nsURI = 'http://jensgulden.de/modeling/wave' and _eClass_.name = 'Package') and _containmentMF_.name = 'members')">
    <nodeLabelTraces
        visualID="5033"
        queryText="true"/>
    <compartmentTraces
        visualID="7017"
        queryText="true"/>
    <compartmentTraces
        visualID="7018"
        queryText="true"/>
    <compartmentTraces
        visualID="7019"
        queryText="true"/>
    <compartmentTraces
        visualID="7020"
        queryText="true"/>
  </nodeTraces>
  <childNodeTraces
      visualID="2001"
      queryText="(let _eClass_:ecore::EClass = modelFacet.metaClass.ecoreClass in _eClass_.ePackage.nsURI = 'http://jensgulden.de/modeling/wave' and _eClass_.name = 'Attribute') and (let _containmentMF_:ecore::EStructuralFeature = modelFacet.containmentMetaFeature.ecoreFeature in (let _eClass_:ecore::EClass = _containmentMF_.eContainingClass in _eClass_.ePackage.nsURI = 'http://jensgulden.de/modeling/wave' and _eClass_.name = 'Classifier') and _containmentMF_.name = 'attributes')"/>
  <childNodeTraces
      visualID="2002"
      queryText="(let _eClass_:ecore::EClass = modelFacet.metaClass.ecoreClass in _eClass_.ePackage.nsURI = 'http://jensgulden.de/modeling/wave' and _eClass_.name = 'Operation') and (let _containmentMF_:ecore::EStructuralFeature = modelFacet.containmentMetaFeature.ecoreFeature in (let _eClass_:ecore::EClass = _containmentMF_.eContainingClass in _eClass_.ePackage.nsURI = 'http://jensgulden.de/modeling/wave' and _eClass_.name = 'Classifier') and _containmentMF_.name = 'operations')"/>
  <childNodeTraces
      visualID="2003"
      queryText="(let _eClass_:ecore::EClass = modelFacet.metaClass.ecoreClass in _eClass_.ePackage.nsURI = 'http://jensgulden.de/modeling/wave' and _eClass_.name = 'Operation') and (let _containmentMF_:ecore::EStructuralFeature = modelFacet.containmentMetaFeature.ecoreFeature in (let _eClass_:ecore::EClass = _containmentMF_.eContainingClass in _eClass_.ePackage.nsURI = 'http://jensgulden.de/modeling/wave' and _eClass_.name = 'Classifier') and _containmentMF_.name = 'operations')"/>
  <childNodeTraces
      visualID="2004"
      queryText="(let _eClass_:ecore::EClass = modelFacet.metaClass.ecoreClass in _eClass_.ePackage.nsURI = 'http://jensgulden.de/modeling/wave' and _eClass_.name = 'Attribute') and (let _containmentMF_:ecore::EStructuralFeature = modelFacet.containmentMetaFeature.ecoreFeature in (let _eClass_:ecore::EClass = _containmentMF_.eContainingClass in _eClass_.ePackage.nsURI = 'http://jensgulden.de/modeling/wave' and _eClass_.name = 'Classifier') and _containmentMF_.name = 'attributes')"/>
  <childNodeTraces
      visualID="2009"
      queryText="(let _eClass_:ecore::EClass = modelFacet.metaClass.ecoreClass in _eClass_.ePackage.nsURI = 'http://jensgulden.de/modeling/wave' and _eClass_.name = 'Operation') and (let _containmentMF_:ecore::EStructuralFeature = modelFacet.containmentMetaFeature.ecoreFeature in (let _eClass_:ecore::EClass = _containmentMF_.eContainingClass in _eClass_.ePackage.nsURI = 'http://jensgulden.de/modeling/wave' and _eClass_.name = 'Classifier') and _containmentMF_.name = 'operations')"/>
  <childNodeTraces
      visualID="13001"
      queryText="(let _eClass_:ecore::EClass = modelFacet.metaClass.ecoreClass in _eClass_.ePackage.nsURI = 'http://jensgulden.de/modeling/wave' and _eClass_.name = 'Area') and (let _containmentMF_:ecore::EStructuralFeature = modelFacet.containmentMetaFeature.ecoreFeature in (let _eClass_:ecore::EClass = _containmentMF_.eContainingClass in _eClass_.ePackage.nsURI = 'http://jensgulden.de/modeling/wave' and _eClass_.name = 'View') and _containmentMF_.name = 'areas')"/>
  <childNodeTraces
      visualID="13002"
      queryText="(let _eClass_:ecore::EClass = modelFacet.metaClass.ecoreClass in _eClass_.ePackage.nsURI = 'http://jensgulden.de/modeling/wave' and _eClass_.name = 'View') and (let _containmentMF_:ecore::EStructuralFeature = modelFacet.containmentMetaFeature.ecoreFeature in (let _eClass_:ecore::EClass = _containmentMF_.eContainingClass in _eClass_.ePackage.nsURI = 'http://jensgulden.de/modeling/wave' and _eClass_.name = 'Area') and _containmentMF_.name = 'views')">
    <nodeLabelTraces
        visualID="5018"
        queryText="true"/>
    <compartmentTraces
        visualID="7002"
        queryText="true"/>
    <compartmentTraces
        visualID="7003"
        queryText="true"/>
  </childNodeTraces>
  <childNodeTraces
      visualID="13003"
      queryText="(let _eClass_:ecore::EClass = modelFacet.metaClass.ecoreClass in _eClass_.ePackage.nsURI = 'http://jensgulden.de/modeling/wave' and _eClass_.name = 'Class') and (let _containmentMF_:ecore::EStructuralFeature = modelFacet.containmentMetaFeature.ecoreFeature in (let _eClass_:ecore::EClass = _containmentMF_.eContainingClass in _eClass_.ePackage.nsURI = 'http://jensgulden.de/modeling/wave' and _eClass_.name = 'Package') and _containmentMF_.name = 'members')">
    <nodeLabelTraces
        visualID="5028"
        queryText="true"/>
    <compartmentTraces
        visualID="7012"
        queryText="true"/>
    <compartmentTraces
        visualID="7013"
        queryText="true"/>
  </childNodeTraces>
  <childNodeTraces
      visualID="13004"
      queryText="(let _eClass_:ecore::EClass = modelFacet.metaClass.ecoreClass in _eClass_.ePackage.nsURI = 'http://jensgulden.de/modeling/wave' and _eClass_.name = 'Interface') and (let _containmentMF_:ecore::EStructuralFeature = modelFacet.containmentMetaFeature.ecoreFeature in (let _eClass_:ecore::EClass = _containmentMF_.eContainingClass in _eClass_.ePackage.nsURI = 'http://jensgulden.de/modeling/wave' and _eClass_.name = 'Package') and _containmentMF_.name = 'members')">
    <nodeLabelTraces
        visualID="5029"
        queryText="true"/>
    <compartmentTraces
        visualID="7015"
        queryText="true"/>
  </childNodeTraces>
  <childNodeTraces
      visualID="13005"
      queryText="(let _eClass_:ecore::EClass = modelFacet.metaClass.ecoreClass in _eClass_.ePackage.nsURI = 'http://jensgulden.de/modeling/wave' and _eClass_.name = 'Package') and (let _containmentMF_:ecore::EStructuralFeature = modelFacet.containmentMetaFeature.ecoreFeature in (let _eClass_:ecore::EClass = _containmentMF_.eContainingClass in _eClass_.ePackage.nsURI = 'http://jensgulden.de/modeling/wave' and _eClass_.name = 'Package') and _containmentMF_.name = 'members')">
    <nodeLabelTraces
        visualID="5030"
        queryText="true"/>
    <compartmentTraces
        visualID="7016"
        queryText="true"/>
  </childNodeTraces>
  <childNodeTraces
      visualID="13006"
      queryText="(let _eClass_:ecore::EClass = modelFacet.metaClass.ecoreClass in _eClass_.ePackage.nsURI = 'http://jensgulden.de/modeling/wave' and _eClass_.name = 'Action') and (let _containmentMF_:ecore::EStructuralFeature = modelFacet.containmentMetaFeature.ecoreFeature in (let _eClass_:ecore::EClass = _containmentMF_.eContainingClass in _eClass_.ePackage.nsURI = 'http://jensgulden.de/modeling/wave' and _eClass_.name = 'Controller') and _containmentMF_.name = 'actions')">
    <nodeLabelTraces
        visualID="5031"
        queryText="true"/>
    <compartmentTraces
        visualID="7021"
        queryText="true"/>
  </childNodeTraces>
  <childNodeTraces
      visualID="13007"
      queryText="(let _eClass_:ecore::EClass = modelFacet.metaClass.ecoreClass in _eClass_.ePackage.nsURI = 'http://jensgulden.de/modeling/wave' and _eClass_.name = 'View') and (let _containmentMF_:ecore::EStructuralFeature = modelFacet.containmentMetaFeature.ecoreFeature in (let _eClass_:ecore::EClass = _containmentMF_.eContainingClass in _eClass_.ePackage.nsURI = 'http://jensgulden.de/modeling/wave' and _eClass_.name = 'Controller') and _containmentMF_.name = 'views')">
    <nodeLabelTraces
        visualID="5032"
        queryText="true"/>
    <compartmentTraces
        visualID="7022"
        queryText="true"/>
    <compartmentTraces
        visualID="7023"
        queryText="true"/>
  </childNodeTraces>
  <childNodeTraces
      visualID="13008"
      queryText="(let _eClass_:ecore::EClass = modelFacet.metaClass.ecoreClass in _eClass_.ePackage.nsURI = 'http://jensgulden.de/modeling/wave' and _eClass_.name = 'Operation') and (let _containmentMF_:ecore::EStructuralFeature = modelFacet.containmentMetaFeature.ecoreFeature in (let _eClass_:ecore::EClass = _containmentMF_.eContainingClass in _eClass_.ePackage.nsURI = 'http://jensgulden.de/modeling/wave' and _eClass_.name = 'ControllerMemberExecutable') and _containmentMF_.name = 'operation')"/>
  <childNodeTraces
      visualID="13009"
      queryText="(let _eClass_:ecore::EClass = modelFacet.metaClass.ecoreClass in _eClass_.ePackage.nsURI = 'http://jensgulden.de/modeling/wave' and _eClass_.name = 'Operation') and (let _containmentMF_:ecore::EStructuralFeature = modelFacet.containmentMetaFeature.ecoreFeature in (let _eClass_:ecore::EClass = _containmentMF_.eContainingClass in _eClass_.ePackage.nsURI = 'http://jensgulden.de/modeling/wave' and _eClass_.name = 'ControllerMemberExecutable') and _containmentMF_.name = 'operation')"/>
  <childNodeTraces
      visualID="13010"
      queryText="(let _eClass_:ecore::EClass = modelFacet.metaClass.ecoreClass in _eClass_.ePackage.nsURI = 'http://jensgulden.de/modeling/wave' and _eClass_.name = 'Include') and (let _containmentMF_:ecore::EStructuralFeature = modelFacet.containmentMetaFeature.ecoreFeature in (let _eClass_:ecore::EClass = _containmentMF_.eContainingClass in _eClass_.ePackage.nsURI = 'http://jensgulden.de/modeling/wave' and _eClass_.name = 'Package') and _containmentMF_.name = 'members')">
    <nodeLabelTraces
        visualID="5034"
        queryText="true"/>
  </childNodeTraces>
  <linkTraces
      visualID="3001"
      queryText="modelFacet.oclIsKindOf(gmfgen::TypeLinkModelFacet) and (let _eClass_:ecore::EClass = modelFacet.oclAsType(gmfgen::TypeLinkModelFacet).metaClass.ecoreClass in _eClass_.ePackage.nsURI = 'http://jensgulden.de/modeling/wave' and _eClass_.name = 'DependencyRelationship')">
    <linkLabelTraces
        visualID="6003"
        queryText="true"/>
  </linkTraces>
  <linkTraces
      visualID="3002"
      queryText="modelFacet.oclIsKindOf(gmfgen::TypeLinkModelFacet) and (let _eClass_:ecore::EClass = modelFacet.oclAsType(gmfgen::TypeLinkModelFacet).metaClass.ecoreClass in _eClass_.ePackage.nsURI = 'http://jensgulden.de/modeling/wave' and _eClass_.name = 'InheritanceRelationship')"/>
  <linkTraces
      visualID="3003"
      queryText="modelFacet.oclIsKindOf(gmfgen::TypeLinkModelFacet) and (let _eClass_:ecore::EClass = modelFacet.oclAsType(gmfgen::TypeLinkModelFacet).metaClass.ecoreClass in _eClass_.ePackage.nsURI = 'http://jensgulden.de/modeling/wave' and _eClass_.name = 'RealizationRelationship')"/>
  <linkTraces
      visualID="3004"
      queryText="modelFacet.oclIsKindOf(gmfgen::TypeLinkModelFacet) and (let _eClass_:ecore::EClass = modelFacet.oclAsType(gmfgen::TypeLinkModelFacet).metaClass.ecoreClass in _eClass_.ePackage.nsURI = 'http://jensgulden.de/modeling/wave' and _eClass_.name = 'AssociationRelationship')">
    <linkLabelTraces
        visualID="4008"
        queryText="true"/>
    <linkLabelTraces
        visualID="4009"
        queryText="true"/>
    <linkLabelTraces
        visualID="4010"
        queryText="true"/>
  </linkTraces>
  <linkTraces
      visualID="3005"
      queryText="modelFacet.oclIsKindOf(gmfgen::TypeLinkModelFacet) and (let _eClass_:ecore::EClass = modelFacet.oclAsType(gmfgen::TypeLinkModelFacet).metaClass.ecoreClass in _eClass_.ePackage.nsURI = 'http://jensgulden.de/modeling/wave' and _eClass_.name = 'ActionToViewTransition')">
    <linkLabelTraces
        visualID="4011"
        queryText="true"/>
  </linkTraces>
  <linkTraces
      visualID="4013"
      queryText="modelFacet.oclIsKindOf(gmfgen::TypeLinkModelFacet) and (let _eClass_:ecore::EClass = modelFacet.oclAsType(gmfgen::TypeLinkModelFacet).metaClass.ecoreClass in _eClass_.ePackage.nsURI = 'http://jensgulden.de/modeling/wave' and _eClass_.name = 'ViewTransition')">
    <linkLabelTraces
        visualID="6002"
        queryText="true"/>
  </linkTraces>
  <linkTraces
      visualID="4015"
      queryText="modelFacet.oclIsKindOf(gmfgen::FeatureLinkModelFacet) and (let _feature_:ecore::EStructuralFeature = modelFacet.oclAsType(gmfgen::FeatureLinkModelFacet).metaFeature.ecoreFeature in (let _eClass_:ecore::EClass = _feature_.eContainingClass in _eClass_.ePackage.nsURI = 'http://jensgulden.de/modeling/wave' and _eClass_.name = 'ModelMember') and _feature_.name = 'docs')"/>
  <linkTraces
      visualID="4016"
      queryText="modelFacet.oclIsKindOf(gmfgen::TypeLinkModelFacet) and (let _eClass_:ecore::EClass = modelFacet.oclAsType(gmfgen::TypeLinkModelFacet).metaClass.ecoreClass in _eClass_.ePackage.nsURI = 'http://jensgulden.de/modeling/wave' and _eClass_.name = 'DependencyRelationship')">
    <linkLabelTraces
        visualID="6004"
        queryText="true"/>
  </linkTraces>
  <linkTraces
      visualID="4017"
      queryText="modelFacet.oclIsKindOf(gmfgen::TypeLinkModelFacet) and (let _eClass_:ecore::EClass = modelFacet.oclAsType(gmfgen::TypeLinkModelFacet).metaClass.ecoreClass in _eClass_.ePackage.nsURI = 'http://jensgulden.de/modeling/wave' and _eClass_.name = 'DependencyRelationship')">
    <linkLabelTraces
        visualID="6005"
        queryText="true"/>
  </linkTraces>
</trace:TraceModel>
